Wrote profile results to matmult_improved.py.lprof
Timer unit: 1e-06 s

Total time: 0.950583 s
File: matmult_improved.py
Function: genInput at line 4

Line #      Hits         Time  Per Hit   % Time  Line Contents
==============================================================
     4                                           @profile
     5                                           def genInput(N):
     6                                           # NxN matrix
     7         1          3.0      3.0      0.0      X = []
     8         1          2.0      2.0      0.0      Y = []
     9         1          1.0      1.0      0.0      result = []
    10       251        245.0      1.0      0.0      for i in range(N):
    11       250     474187.0   1896.7     49.9          X.append([random.randint(0,100) for r in range(N)])
    12       250     475281.0   1901.1     50.0          Y.append([random.randint(0,100) for r in range(N+1)])
    13       250        863.0      3.5      0.1          result.append([0] * (N+1))
    14         1          1.0      1.0      0.0      return X, Y, result

Total time: 24.4548 s
File: matmult_improved.py
Function: multMatrix at line 16

Line #      Hits         Time  Per Hit   % Time  Line Contents
==============================================================
    16                                           @profile
    17                                           def multMatrix(X, Y, result):
    18                                           # iterate through rows of X
    19       251        152.0      0.6      0.0      for i in range(len(X)):
    20                                               # iterate through columns of Y
    21     63000      35585.0      0.6      0.1          for j in range(len(Y[0])):
    22                                                   # iterate through rows of Y
    23  15750250    8924017.0      0.6     36.5              for k in range(len(Y)):
    24  15687500   15495031.0      1.0     63.4                  result[i][j] += X[i][k] * Y[k][j]
    25         1          0.0      0.0      0.0      return result

Total time: 0.017887 s
File: matmult_improved.py
Function: printRes at line 27

Line #      Hits         Time  Per Hit   % Time  Line Contents
==============================================================
    27                                           @profile
    28                                           def printRes(result):
    29       251        196.0      0.8      1.1      for r in result:
    30       250      17691.0     70.8     98.9          print(r)

