Wrote profile results to matmult_np.py.lprof
Timer unit: 1e-06 s

Total time: 0.004376 s
File: matmult_np.py
Function: getInput at line 4

Line #      Hits         Time  Per Hit   % Time  Line Contents
==============================================================
     4                                           @profile
     5                                           def getInput(N):
     6         1       2336.0   2336.0     53.4      X = np.random.rand(N, N)
     7         1       2038.0   2038.0     46.6      Y = np.random.rand(N, N+1)
     8         1          2.0      2.0      0.0      return X, Y

Total time: 0.002242 s
File: matmult_np.py
Function: multMatrix at line 10

Line #      Hits         Time  Per Hit   % Time  Line Contents
==============================================================
    10                                           @profile
    11                                           def multMatrix(X, Y):
    12         1       2239.0   2239.0     99.9       result = np.dot(X, Y)
    13         1          3.0      3.0      0.1       return result

Total time: 1.88969 s
File: matmult_np.py
Function: printRes at line 15

Line #      Hits         Time  Per Hit   % Time  Line Contents
==============================================================
    15                                           @profile
    16                                           def printRes(result):
    17       251        784.0      3.1      0.0      for r in result:
    18       250    1888908.0   7555.6    100.0          print(r)

