30397485.0
Filename: /media/rherboth/Windows8_OS/Users/Radost Milena/Documents/1 UPPSALA/project_applmech/python_course/day2-bestpractices-1/euler72.py

Line #    Mem usage    Increment  Occurences   Line Contents
============================================================
     4   36.676 MiB   36.676 MiB           1   @profile
     5                                         def gen_primes(n):
     6   36.676 MiB    0.000 MiB           1       l = range(2,n)
     7   36.676 MiB    0.000 MiB           1       primes = []
     8   36.676 MiB    0.000 MiB         999       for j in range(0,len(l)):
     9   36.676 MiB    0.000 MiB         998           p = True
    10   36.676 MiB    0.000 MiB        2968           for d in primes:
    11   36.676 MiB    0.000 MiB        2967               if(d > sqrt(l[j])):
    12   36.676 MiB    0.000 MiB         167                   break
    13   36.676 MiB    0.000 MiB        2800               if(l[j] % d == 0):
    14   36.676 MiB    0.000 MiB         830                   p = False
    15   36.676 MiB    0.000 MiB         830                   break;
    16   36.676 MiB    0.000 MiB         998           if(p):
    17   36.676 MiB    0.000 MiB         168               primes.append(l[j])
    18                                         
    19   36.676 MiB    0.000 MiB           1       return primes


Filename: /media/rherboth/Windows8_OS/Users/Radost Milena/Documents/1 UPPSALA/project_applmech/python_course/day2-bestpractices-1/euler72.py

Line #    Mem usage    Increment  Occurences   Line Contents
============================================================
    21   36.676 MiB 366721.137 MiB        9999   @profile
    22                                         def factorize(n,primes):
    23   36.676 MiB    0.000 MiB        9999       factors = []
    24   36.676 MiB    0.000 MiB        9999       init_n = n
    25   36.676 MiB    0.000 MiB       96347       for p in primes:
    26   36.676 MiB    0.000 MiB      118736           while(n%p == 0):
    27   36.676 MiB    0.000 MiB       22389               n = n/p
    28   36.676 MiB    0.000 MiB       22389               factors.append(p)
    29   36.676 MiB    0.000 MiB       96347           if(p > sqrt(n)):
    30   36.676 MiB    0.000 MiB        9999               break
    31   36.676 MiB    0.000 MiB        9999       if(n > 1):
    32   36.676 MiB    0.000 MiB        9596           factors.append(n)
    33   36.676 MiB    0.000 MiB        9999       return factors


Filename: /media/rherboth/Windows8_OS/Users/Radost Milena/Documents/1 UPPSALA/project_applmech/python_course/day2-bestpractices-1/euler72.py

Line #    Mem usage    Increment  Occurences   Line Contents
============================================================
    50   36.676 MiB   36.676 MiB        9999   @profile
    51                                         def fast_phi(n,primes):
    52   36.676 MiB 366721.137 MiB        9999       factors = factorize(n,primes)
    53   36.676 MiB    0.000 MiB        9999       phi = factors[0]-1
    54   36.676 MiB    0.000 MiB       31985       for i in range(1,len(factors)):
    55   36.676 MiB    0.000 MiB       21986           if(factors[i] == factors[i-1]):
    56   36.676 MiB    0.000 MiB        7685               phi *= (factors[i]-1)*(factors[i])/(factors[i]-1)
    57                                                 else:
    58   36.676 MiB    0.000 MiB       14301               phi *= (factors[i]-1)
    59   36.676 MiB    0.000 MiB        9999       return phi


30397485.0
Filename: euler72.py

Line #    Mem usage    Increment  Occurences   Line Contents
============================================================
     4   36.777 MiB   36.777 MiB           1   @profile
     5                                         def gen_primes(n):
     6   36.777 MiB    0.000 MiB           1       l = range(2,n)
     7   36.777 MiB    0.000 MiB           1       primes = []
     8   36.777 MiB    0.000 MiB         999       for j in range(0,len(l)):
     9   36.777 MiB    0.000 MiB         998           p = True
    10   36.777 MiB    0.000 MiB        2968           for d in primes:
    11   36.777 MiB    0.000 MiB        2967               if(d > sqrt(l[j])):
    12   36.777 MiB    0.000 MiB         167                   break
    13   36.777 MiB    0.000 MiB        2800               if(l[j] % d == 0):
    14   36.777 MiB    0.000 MiB         830                   p = False
    15   36.777 MiB    0.000 MiB         830                   break;
    16   36.777 MiB    0.000 MiB         998           if(p):
    17   36.777 MiB    0.000 MiB         168               primes.append(l[j])
    18                                         
    19   36.777 MiB    0.000 MiB           1       return primes


Filename: euler72.py

Line #    Mem usage    Increment  Occurences   Line Contents
============================================================
    21   36.777 MiB 367736.660 MiB        9999   @profile
    22                                         def factorize(n,primes):
    23   36.777 MiB    0.000 MiB        9999       factors = []
    24   36.777 MiB    0.000 MiB        9999       init_n = n
    25   36.777 MiB    0.000 MiB       96347       for p in primes:
    26   36.777 MiB    0.000 MiB      118736           while(n%p == 0):
    27   36.777 MiB    0.000 MiB       22389               n = n/p
    28   36.777 MiB    0.000 MiB       22389               factors.append(p)
    29   36.777 MiB    0.000 MiB       96347           if(p > sqrt(n)):
    30   36.777 MiB    0.000 MiB        9999               break
    31   36.777 MiB    0.000 MiB        9999       if(n > 1):
    32   36.777 MiB    0.000 MiB        9596           factors.append(n)
    33   36.777 MiB    0.000 MiB        9999       return factors


Filename: euler72.py

Line #    Mem usage    Increment  Occurences   Line Contents
============================================================
    50   36.777 MiB   36.777 MiB        9999   @profile
    51                                         def fast_phi(n,primes):
    52   36.777 MiB 367736.660 MiB        9999       factors = factorize(n,primes)
    53   36.777 MiB    0.000 MiB        9999       phi = factors[0]-1
    54   36.777 MiB    0.000 MiB       31985       for i in range(1,len(factors)):
    55   36.777 MiB    0.000 MiB       21986           if(factors[i] == factors[i-1]):
    56   36.777 MiB    0.000 MiB        7685               phi *= (factors[i]-1)*(factors[i])/(factors[i]-1)
    57                                                 else:
    58   36.777 MiB    0.000 MiB       14301               phi *= (factors[i]-1)
    59   36.777 MiB    0.000 MiB        9999       return phi


