Filename: matmult.py

Line #    Mem usage    Increment  Occurences   Line Contents
============================================================
     4   37.168 MiB   37.168 MiB           1   @profile
     5                                         def getX(N):
     6                                         # NxN matrix
     7   37.168 MiB    0.000 MiB           1       X = []
     8   37.586 MiB    0.000 MiB         251       for i in range(N):
     9   37.586 MiB    0.418 MiB       63250           X.append([random.randint(0,100) for r in range(N)])
    10   37.586 MiB    0.000 MiB           1       return X


Filename: matmult.py

Line #    Mem usage    Increment  Occurences   Line Contents
============================================================
    12   37.586 MiB   37.586 MiB           1   @profile
    13                                         def getY(N):
    14                                         # Nx(N+1) matrix
    15   37.586 MiB    0.000 MiB           1       Y = []
    16   38.102 MiB    0.000 MiB         251       for i in range(N):
    17   38.102 MiB    0.516 MiB       63500           Y.append([random.randint(0,100) for r in range(N+1)])
    18   38.102 MiB    0.000 MiB           1       return Y


Filename: matmult.py

Line #    Mem usage    Increment  Occurences   Line Contents
============================================================
    20   38.102 MiB   38.102 MiB           1   @profile
    21                                         def generateMatrix(N):
    22                                         # result is Nx(N+1)
    23   38.102 MiB    0.000 MiB           1       result = []
    24   38.617 MiB    0.000 MiB         251       for i in range(N):
    25   38.617 MiB    0.516 MiB         250           result.append([0] * (N+1))
    26   38.617 MiB    0.000 MiB           1       return result


Filename: matmult.py

Line #    Mem usage    Increment  Occurences   Line Contents
============================================================
    28   38.617 MiB   38.617 MiB           1   @profile
    29                                         def multMatrix(X, Y, result):
    30                                         # iterate through rows of X
    31   40.395 MiB    0.000 MiB         251       for i in range(len(X)):
    32                                             # iterate through columns of Y
    33   40.395 MiB    0.000 MiB       63000           for j in range(len(Y[0])):
    34                                                 # iterate through rows of Y
    35   40.395 MiB    0.000 MiB    15750250               for k in range(len(Y)):
    36   40.395 MiB    1.777 MiB    15687500                   result[i][j] += X[i][k] * Y[k][j]
    37   40.395 MiB    0.000 MiB           1       return result


Filename: matmult.py

Line #    Mem usage    Increment  Occurences   Line Contents
============================================================
    39   40.395 MiB   40.395 MiB           1   @profile
    40                                         def printRes(result):
    41   40.395 MiB    0.000 MiB         251       for r in result:
    42   40.395 MiB    0.000 MiB         250           print(r)


